Arguments: 
  C:\Program Files\nodejs\node.exe C:\Users\Ali\AppData\Roaming\npm\node_modules\yarn\bin\yarn.js

PATH: 
  C:\Python310\Scripts\;C:\Python310\;C:\WINDOWS\system32;C:\WINDOWS;C:\WINDOWS\System32\Wbem;C:\WINDOWS\System32\WindowsPowerShell\v1.0\;C:\WINDOWS\System32\OpenSSH\;C:\Program Files\nodejs\;C:\ProgramData\chocolatey\bin;C:\Program Files\Git\cmd;C:\Program Files\PuTTY\;C:\Program Files\Docker\Docker\resources\bin;C:\ProgramData\DockerDesktop\version-bin;C:\Users\Ali\AppData\Local\Microsoft\WindowsApps;C:\Users\Ali\AppData\Roaming\npm;C:\Users\Ali\AppData\Local\Programs\Microsoft VS Code\bin;

Yarn version: 
  1.22.19

Node version: 
  16.17.1

Platform: 
  win32 x64

Trace: 
  Error: https://registry.yarnpkg.com/@prisma%2fclient: ESOCKETTIMEDOUT
      at ClientRequest.<anonymous> (C:\Users\Ali\AppData\Roaming\npm\node_modules\yarn\lib\cli.js:141517:19)
      at Object.onceWrapper (node:events:627:28)
      at ClientRequest.emit (node:events:513:28)
      at TLSSocket.emitRequestTimeout (node:_http_client:814:9)
      at Object.onceWrapper (node:events:627:28)
      at TLSSocket.emit (node:events:525:35)
      at TLSSocket.Socket._onTimeout (node:net:526:8)
      at listOnTimeout (node:internal/timers:559:17)
      at processTimers (node:internal/timers:502:7)

npm manifest: 
  {
    "name": "@back-end-service/server",
    "private": true,
    "scripts": {
      "start": "nest start",
      "start:watch": "nest start --watch",
      "start:debug": "nest start --debug --watch",
      "build": "nest build",
      "test": "jest",
      "seed": "ts-node scripts/seed.ts",
      "db:migrate-save": "prisma migrate dev",
      "db:migrate-up": "prisma migrate deploy",
      "db:clean": "ts-node scripts/clean.ts",
      "db:init": "run-s \"db:migrate-save -- --name 'initial version'\" db:migrate-up seed",
      "prisma:generate": "prisma generate",
      "docker:db": "docker-compose -f docker-compose.db.yml up -d",
      "docker:build": "docker build .",
      "compose:up": "docker-compose up -d",
      "compose:down": "docker-compose down --volumes"
    },
    "dependencies": {
      "@nestjs/common": "8.2.3",
      "@nestjs/config": "1.1.5",
      "@nestjs/core": "8.2.3",
      "@nestjs/graphql": "9.1.2",
      "@nestjs/jwt": "8.0.0",
      "@nestjs/passport": "8.2.2",
      "@nestjs/platform-express": "8.2.3",
      "@nestjs/serve-static": "2.2.2",
      "@nestjs/swagger": "5.1.5",
      "@prisma/client": "3.15.2",
      "apollo-server-express": "3.6.1",
      "bcrypt": "5.0.1",
      "class-transformer": "0.5.1",
      "class-validator": "0.13.2",
      "graphql": "15.7.2",
      "graphql-type-json": "0.3.2",
      "nest-access-control": "2.0.3",
      "nest-morgan": "1.0.1",
      "nestjs-prisma": "0.16.0",
      "npm-run-all": "4.1.5",
      "passport": "0.6.0",
      "passport-http": "0.3.0",
      "passport-jwt": "4.0.0",
      "reflect-metadata": "0.1.13",
      "swagger-ui-express": "4.3.0",
      "ts-node": "9.1.1"
    },
    "devDependencies": {
      "@nestjs/cli": "8.2.5",
      "@nestjs/testing": "8.2.3",
      "@types/bcrypt": "5.0.0",
      "@types/express": "4.17.9",
      "@types/graphql-type-json": "0.3.2",
      "@types/jest": "26.0.19",
      "@types/normalize-path": "3.0.0",
      "@types/passport-http": "0.3.9",
      "@types/passport-jwt": "3.0.6",
      "@types/supertest": "2.0.11",
      "jest": "27.0.6",
      "jest-mock-extended": "^2.0.4",
      "prisma": "3.15.2",
      "supertest": "4.0.2",
      "ts-jest": "27.0.3",
      "type-fest": "0.11.0",
      "typescript": "4.2.3"
    },
    "jest": {
      "preset": "ts-jest",
      "testEnvironment": "node",
      "modulePathIgnorePatterns": ["<rootDir>/dist/"]
    }
  }

yarn manifest: 
  No manifest

Lockfile: 
  No lockfile
